[25.10.2022 21:23:23 ] [INFO] [controller] [<module>: 9] => Start
[25.10.2022 22:04:26 ] [INFO] [controller] [<module>: 9] => Start
[25.10.2022 22:04:38 ] [INFO] [controller] [user_input: 16] => User entered: name = '1'
[25.10.2022 22:05:10 ] [INFO] [controller] [user_input: 16] => User entered: name = 'Иван'
[25.10.2022 22:05:16 ] [INFO] [controller] [user_input: 16] => User entered: name = 'Иванов'
[25.10.2022 22:05:23 ] [INFO] [controller] [user_input: 16] => User entered: name = 'Склад'
[25.10.2022 22:05:28 ] [INFO] [controller] [user_input: 16] => User entered: name = '25000'
[25.10.2022 22:16:43 ] [INFO] [controller] [<module>: 9] => Start
[25.10.2022 22:27:54 ] [INFO] [controller] [<module>: 9] => Start
[25.10.2022 22:29:29 ] [INFO] [controller] [<module>: 9] => Start
[25.10.2022 22:30:38 ] [INFO] [controller] [<module>: 9] => Start
[25.10.2022 22:31:02 ] [INFO] [controller] [<module>: 9] => Start
[25.10.2022 22:31:07 ] [INFO] [controller] [user_input: 16] => User entered: name = '1'
[25.10.2022 22:31:14 ] [INFO] [controller] [user_input: 16] => User entered: name = 'Иван'
[25.10.2022 22:31:17 ] [INFO] [controller] [user_input: 16] => User entered: name = 'Иванов'
[25.10.2022 22:31:27 ] [INFO] [controller] [user_input: 16] => User entered: name = 'Склад 28000'
[25.10.2022 22:31:34 ] [INFO] [controller] [<module>: 9] => Start
[25.10.2022 22:31:36 ] [INFO] [controller] [<module>: 9] => Start
[25.10.2022 22:37:58 ] [INFO] [controller] [<module>: 9] => Start
[25.10.2022 22:38:17 ] [INFO] [controller] [<module>: 9] => Start
[25.10.2022 22:38:24 ] [INFO] [controller] [user_input: 16] => User entered: name = '1'
[25.10.2022 22:38:34 ] [INFO] [controller] [user_input: 16] => User entered: name = 'Иван'
[25.10.2022 22:38:38 ] [INFO] [controller] [user_input: 16] => User entered: name = 'Иванов'
[25.10.2022 22:38:41 ] [INFO] [controller] [user_input: 16] => User entered: name = 'Склад'
[25.10.2022 22:38:55 ] [INFO] [controller] [user_input: 16] => User entered: name = '28000'
[25.10.2022 22:41:23 ] [INFO] [controller] [<module>: 9] => Start
[25.10.2022 22:41:25 ] [INFO] [controller] [user_input: 16] => User entered: name = '1'
[25.10.2022 22:41:28 ] [INFO] [controller] [user_input: 16] => User entered: name = 'Иван'
[25.10.2022 22:41:31 ] [INFO] [controller] [user_input: 16] => User entered: name = 'Иванов'
[25.10.2022 22:41:35 ] [INFO] [controller] [user_input: 16] => User entered: name = 'Склад'
[25.10.2022 22:41:41 ] [INFO] [controller] [user_input: 16] => User entered: name = '28000'
[25.10.2022 22:43:45 ] [INFO] [controller] [<module>: 9] => Start
[25.10.2022 22:43:46 ] [INFO] [controller] [user_input: 16] => User entered: name = '1'
[25.10.2022 22:43:48 ] [INFO] [controller] [user_input: 16] => User entered: name = 'sdfgsdg'
[25.10.2022 22:43:49 ] [INFO] [controller] [user_input: 16] => User entered: name = 'sgdsdg'
[25.10.2022 22:43:50 ] [INFO] [controller] [user_input: 16] => User entered: name = 'sgdsdg'
[25.10.2022 22:43:51 ] [INFO] [controller] [user_input: 16] => User entered: name = '343'
[25.10.2022 22:45:25 ] [INFO] [controller] [<module>: 9] => Start
[25.10.2022 22:45:27 ] [INFO] [controller] [user_input: 16] => User entered: name = '1'
[25.10.2022 22:45:34 ] [INFO] [controller] [user_input: 16] => User entered: name = 'Иван'
[25.10.2022 22:45:37 ] [INFO] [controller] [user_input: 16] => User entered: name = 'Иванов'
[25.10.2022 22:45:41 ] [INFO] [controller] [user_input: 16] => User entered: name = 'Склад'
[25.10.2022 22:45:44 ] [INFO] [controller] [user_input: 16] => User entered: name = '28000'
[25.10.2022 22:50:42 ] [INFO] [controller] [<module>: 9] => Start
[25.10.2022 22:50:43 ] [INFO] [controller] [user_input: 16] => User entered: name = '1'
[25.10.2022 22:50:48 ] [INFO] [controller] [user_input: 16] => User entered: name = 'Иван'
[25.10.2022 22:50:51 ] [INFO] [controller] [user_input: 16] => User entered: name = 'Иванов'
[25.10.2022 22:50:56 ] [INFO] [controller] [user_input: 16] => User entered: name = 'Склад'
[25.10.2022 22:51:00 ] [INFO] [controller] [user_input: 16] => User entered: name = '28000'
[25.10.2022 22:51:45 ] [INFO] [controller] [<module>: 9] => Start
[25.10.2022 22:51:47 ] [INFO] [controller] [user_input: 16] => User entered: name = '1'
[25.10.2022 22:51:50 ] [INFO] [controller] [user_input: 16] => User entered: name = 'Иван'
[25.10.2022 22:51:54 ] [INFO] [controller] [user_input: 16] => User entered: name = 'Иванов'
[25.10.2022 22:52:01 ] [INFO] [controller] [user_input: 16] => User entered: name = 'Склад'
[25.10.2022 22:52:04 ] [INFO] [controller] [user_input: 16] => User entered: name = '28000'
[25.10.2022 22:52:50 ] [INFO] [controller] [<module>: 9] => Start
[25.10.2022 22:52:51 ] [INFO] [controller] [user_input: 16] => User entered: name = '1'
[25.10.2022 22:52:56 ] [INFO] [controller] [user_input: 16] => User entered: name = 'Иван'
[25.10.2022 22:53:01 ] [INFO] [controller] [user_input: 16] => User entered: name = 'Иванов'
[25.10.2022 22:53:05 ] [INFO] [controller] [user_input: 16] => User entered: name = 'Склад'
[25.10.2022 22:53:09 ] [INFO] [controller] [user_input: 16] => User entered: name = '27000'
[25.10.2022 22:53:22 ] [INFO] [controller] [<module>: 9] => Start
[25.10.2022 22:53:32 ] [INFO] [controller] [user_input: 16] => User entered: name = '1'
[25.10.2022 22:53:34 ] [INFO] [controller] [user_input: 16] => User entered: name = 'виаваив'
[25.10.2022 22:53:35 ] [INFO] [controller] [user_input: 16] => User entered: name = 'ваиваиваи'
[25.10.2022 22:53:37 ] [INFO] [controller] [user_input: 16] => User entered: name = 'ваиваи343434'
[25.10.2022 22:53:38 ] [INFO] [controller] [user_input: 16] => User entered: name = '34343'
[25.10.2022 22:54:18 ] [INFO] [controller] [<module>: 9] => Start
[25.10.2022 22:54:19 ] [INFO] [controller] [user_input: 16] => User entered: name = '1'
[25.10.2022 22:54:26 ] [INFO] [controller] [user_input: 16] => User entered: name = 'Иван'
[25.10.2022 22:54:28 ] [INFO] [controller] [user_input: 16] => User entered: name = 'Иванов'
[25.10.2022 22:54:33 ] [INFO] [controller] [user_input: 16] => User entered: name = 'Склад'
[25.10.2022 22:54:35 ] [INFO] [controller] [user_input: 16] => User entered: name = '27000'
[25.10.2022 22:54:35 ] [INFO] [controller] [sucess: 45] => Sucess: Контакт id:5 добавлен!
[26.10.2022 00:00:27 ] [INFO] [controller] [<module>: 9] => Start
[26.10.2022 00:01:51 ] [INFO] [controller] [user_input: 16] => User entered: name = '2'
[26.10.2022 00:01:59 ] [INFO] [controller] [user_input: 16] => User entered: name = 'иван'
[26.10.2022 00:05:41 ] [INFO] [controller] [<module>: 9] => Start
[26.10.2022 00:05:43 ] [INFO] [controller] [user_input: 16] => User entered: name = '2'
[26.10.2022 00:05:51 ] [INFO] [controller] [user_input: 16] => User entered: name = 'иван'
[26.10.2022 00:08:07 ] [INFO] [controller] [<module>: 9] => Start
[26.10.2022 00:08:14 ] [INFO] [controller] [user_input: 16] => User entered: name = '2'
[26.10.2022 00:08:18 ] [INFO] [controller] [user_input: 16] => User entered: name = 'иван'
[26.10.2022 00:08:18 ] [INFO] [controller] [sucess: 42] => Error: По такому запросу результатов нет!
[26.10.2022 00:08:59 ] [INFO] [controller] [<module>: 9] => Start
[26.10.2022 00:09:00 ] [INFO] [controller] [user_input: 16] => User entered: name = '2'
[26.10.2022 00:09:02 ] [INFO] [controller] [user_input: 16] => User entered: name = 'ива'
[26.10.2022 00:15:37 ] [INFO] [controller] [<module>: 9] => Start
[26.10.2022 00:15:39 ] [INFO] [controller] [user_input: 16] => User entered: name = '2'
[26.10.2022 00:15:44 ] [INFO] [controller] [user_input: 16] => User entered: name = 'иван'
[26.10.2022 00:15:44 ] [INFO] [controller] [sucess: 44] => Error: По такому запросу результатов нет!
[26.10.2022 00:16:23 ] [INFO] [controller] [<module>: 9] => Start
[26.10.2022 00:16:24 ] [INFO] [controller] [user_input: 16] => User entered: name = '2'
[26.10.2022 00:16:27 ] [INFO] [controller] [user_input: 16] => User entered: name = 'иван'
[26.10.2022 00:16:27 ] [INFO] [controller] [sucess: 44] => Error: По такому запросу результатов нет!
[26.10.2022 00:17:00 ] [INFO] [controller] [user_input: 16] => User entered: name = 'иван'
[26.10.2022 00:17:00 ] [INFO] [controller] [digit_check: 58] => Error: Это должно быть число!
[26.10.2022 00:17:11 ] [INFO] [controller] [<module>: 9] => Start
[26.10.2022 00:17:13 ] [INFO] [controller] [user_input: 16] => User entered: name = '2'
[26.10.2022 00:17:19 ] [INFO] [controller] [user_input: 16] => User entered: name = 'иван'
[26.10.2022 00:17:19 ] [INFO] [controller] [sucess: 44] => Error: По такому запросу результатов нет!
[26.10.2022 00:21:31 ] [INFO] [controller] [<module>: 9] => Start
[26.10.2022 00:21:36 ] [INFO] [controller] [user_input: 16] => User entered: name = '2'
[26.10.2022 00:21:40 ] [INFO] [controller] [user_input: 16] => User entered: name = 'иван'
[26.10.2022 00:21:40 ] [INFO] [controller] [sucess: 44] => Error: По такому запросу результатов нет!
[26.10.2022 00:25:26 ] [INFO] [controller] [user_input: 16] => User entered: name = 'иван'
[26.10.2022 00:25:26 ] [INFO] [controller] [digit_check: 58] => Error: Это должно быть число!
[26.10.2022 00:25:30 ] [INFO] [controller] [<module>: 9] => Start
[26.10.2022 00:25:33 ] [INFO] [controller] [user_input: 16] => User entered: name = '2'
[26.10.2022 00:25:37 ] [INFO] [controller] [user_input: 16] => User entered: name = 'ван'
[26.10.2022 00:26:27 ] [INFO] [controller] [<module>: 9] => Start
[26.10.2022 00:26:28 ] [INFO] [controller] [user_input: 16] => User entered: name = '2'
[26.10.2022 00:26:31 ] [INFO] [controller] [user_input: 16] => User entered: name = 'ван'
[26.10.2022 00:32:47 ] [INFO] [controller] [<module>: 9] => Start
[26.10.2022 00:32:48 ] [INFO] [controller] [user_input: 16] => User entered: name = '2'
[26.10.2022 00:32:52 ] [INFO] [controller] [user_input: 16] => User entered: name = 'ива'
[26.10.2022 00:33:31 ] [INFO] [controller] [<module>: 9] => Start
[26.10.2022 00:33:35 ] [INFO] [controller] [user_input: 16] => User entered: name = '2'
[26.10.2022 00:33:39 ] [INFO] [controller] [user_input: 16] => User entered: name = 'иван'
[26.10.2022 00:33:39 ] [INFO] [controller] [sucess: 44] => Error: По такому запросу результатов нет!
[26.10.2022 00:36:18 ] [INFO] [controller] [<module>: 9] => Start
[26.10.2022 00:36:19 ] [INFO] [controller] [user_input: 16] => User entered: name = '2'
[26.10.2022 00:36:22 ] [INFO] [controller] [user_input: 16] => User entered: name = 'Ива'
[26.10.2022 00:43:07 ] [INFO] [controller] [user_input: 16] => User entered: name = 'Ива'
[26.10.2022 00:43:07 ] [INFO] [controller] [digit_check: 58] => Error: Это должно быть число!
[26.10.2022 00:43:11 ] [INFO] [controller] [<module>: 9] => Start
[26.10.2022 00:43:12 ] [INFO] [controller] [user_input: 16] => User entered: name = '2'
[26.10.2022 00:43:14 ] [INFO] [controller] [user_input: 16] => User entered: name = 'ива'
[26.10.2022 00:43:14 ] [INFO] [controller] [sucess: 44] => Error: По такому запросу результатов нет!
[26.10.2022 00:44:48 ] [INFO] [controller] [<module>: 9] => Start
[26.10.2022 00:44:49 ] [INFO] [controller] [user_input: 16] => User entered: name = '2'
[26.10.2022 00:44:54 ] [INFO] [controller] [user_input: 16] => User entered: name = 'ива'
[26.10.2022 00:45:31 ] [INFO] [controller] [<module>: 9] => Start
[26.10.2022 00:45:34 ] [INFO] [controller] [user_input: 16] => User entered: name = '2'
[26.10.2022 00:45:36 ] [INFO] [controller] [user_input: 16] => User entered: name = 'ива'
[26.10.2022 00:48:48 ] [INFO] [controller] [<module>: 9] => Start
[26.10.2022 00:48:49 ] [INFO] [controller] [user_input: 16] => User entered: name = '2'
[26.10.2022 00:48:52 ] [INFO] [controller] [user_input: 16] => User entered: name = 'ива'
[26.10.2022 00:49:19 ] [INFO] [controller] [user_input: 16] => User entered: name = '4'
[26.10.2022 00:49:27 ] [INFO] [controller] [user_input: 16] => User entered: name = ''
[26.10.2022 00:49:34 ] [INFO] [controller] [user_input: 16] => User entered: name = 'Пупкин'
[26.10.2022 00:49:35 ] [INFO] [controller] [user_input: 16] => User entered: name = ''
[26.10.2022 00:49:36 ] [INFO] [controller] [user_input: 16] => User entered: name = ''
[26.10.2022 00:51:25 ] [INFO] [controller] [<module>: 9] => Start
[26.10.2022 00:51:29 ] [INFO] [controller] [user_input: 16] => User entered: name = '2'
[26.10.2022 00:52:19 ] [INFO] [controller] [user_input: 16] => User entered: name = 'иван'
[26.10.2022 00:52:48 ] [INFO] [controller] [<module>: 9] => Start
[26.10.2022 00:52:53 ] [INFO] [controller] [user_input: 16] => User entered: name = '2'
[26.10.2022 00:52:58 ] [INFO] [controller] [user_input: 16] => User entered: name = 'иван'
[26.10.2022 00:55:13 ] [INFO] [controller] [<module>: 9] => Start
[26.10.2022 00:55:15 ] [INFO] [controller] [user_input: 16] => User entered: name = '2'
[26.10.2022 00:55:17 ] [INFO] [controller] [user_input: 16] => User entered: name = 'ива'
[26.10.2022 00:55:19 ] [INFO] [controller] [user_input: 16] => User entered: name = 'ива'
[26.10.2022 00:55:19 ] [INFO] [controller] [digit_check: 58] => Error: Это должно быть число!
[26.10.2022 00:55:22 ] [INFO] [controller] [user_input: 16] => User entered: name = ''
[26.10.2022 00:55:22 ] [INFO] [controller] [digit_check: 58] => Error: Это должно быть число!
[26.10.2022 00:55:24 ] [INFO] [controller] [user_input: 16] => User entered: name = ''
[26.10.2022 00:55:24 ] [INFO] [controller] [digit_check: 58] => Error: Это должно быть число!
[26.10.2022 00:55:27 ] [INFO] [controller] [<module>: 9] => Start
[26.10.2022 00:55:27 ] [INFO] [controller] [user_input: 16] => User entered: name = '2'
[26.10.2022 00:55:35 ] [INFO] [controller] [user_input: 16] => User entered: name = 'иван'
[26.10.2022 00:57:36 ] [INFO] [controller] [<module>: 9] => Start
[26.10.2022 00:57:37 ] [INFO] [controller] [user_input: 16] => User entered: name = '2'
[26.10.2022 00:57:43 ] [INFO] [controller] [user_input: 16] => User entered: name = 'иван'
[26.10.2022 00:58:00 ] [INFO] [controller] [user_input: 16] => User entered: name = '5'
[26.10.2022 00:58:04 ] [INFO] [controller] [user_input: 16] => User entered: name = ''
[26.10.2022 00:58:08 ] [INFO] [controller] [user_input: 16] => User entered: name = 'Пупкин'
[26.10.2022 00:58:09 ] [INFO] [controller] [user_input: 16] => User entered: name = ''
[26.10.2022 00:58:09 ] [INFO] [controller] [user_input: 16] => User entered: name = ''
[26.10.2022 00:58:53 ] [INFO] [controller] [<module>: 9] => Start
[26.10.2022 00:58:56 ] [INFO] [controller] [user_input: 16] => User entered: name = '2'
[26.10.2022 00:59:01 ] [INFO] [controller] [user_input: 16] => User entered: name = 'иван'
[26.10.2022 00:59:03 ] [INFO] [controller] [user_input: 16] => User entered: name = '5'
[26.10.2022 00:59:04 ] [INFO] [controller] [user_input: 16] => User entered: name = ''
[26.10.2022 00:59:07 ] [INFO] [controller] [user_input: 16] => User entered: name = 'Пупкин'
[26.10.2022 00:59:08 ] [INFO] [controller] [user_input: 16] => User entered: name = ''
[26.10.2022 00:59:08 ] [INFO] [controller] [user_input: 16] => User entered: name = ''
[26.10.2022 01:02:03 ] [INFO] [controller] [<module>: 9] => Start
[26.10.2022 01:02:05 ] [INFO] [controller] [user_input: 16] => User entered: name = '2'
[26.10.2022 01:02:08 ] [INFO] [controller] [user_input: 16] => User entered: name = 'иван'
[26.10.2022 01:02:12 ] [INFO] [controller] [user_input: 16] => User entered: name = '5'
[26.10.2022 01:02:13 ] [INFO] [controller] [user_input: 16] => User entered: name = ''
[26.10.2022 01:02:17 ] [INFO] [controller] [user_input: 16] => User entered: name = 'Пупкин'
[26.10.2022 01:02:18 ] [INFO] [controller] [user_input: 16] => User entered: name = ''
[26.10.2022 01:02:19 ] [INFO] [controller] [user_input: 16] => User entered: name = ''
[26.10.2022 01:06:52 ] [INFO] [controller] [<module>: 9] => Start
[26.10.2022 01:06:55 ] [INFO] [controller] [user_input: 16] => User entered: name = '2'
[26.10.2022 01:07:00 ] [INFO] [controller] [user_input: 16] => User entered: name = 'иван'
[26.10.2022 01:07:02 ] [INFO] [controller] [user_input: 16] => User entered: name = '5'
[26.10.2022 01:07:02 ] [INFO] [controller] [user_input: 16] => User entered: name = ''
[26.10.2022 01:07:08 ] [INFO] [controller] [user_input: 16] => User entered: name = 'Пупкин'
[26.10.2022 01:07:09 ] [INFO] [controller] [user_input: 16] => User entered: name = ''
[26.10.2022 01:07:10 ] [INFO] [controller] [user_input: 16] => User entered: name = ''
[26.10.2022 01:07:10 ] [INFO] [controller] [sucess: 47] => Sucess: Контакт id:5 обновлен!
[26.10.2022 01:07:19 ] [INFO] [controller] [user_input: 16] => User entered: name = '0'
[26.10.2022 01:07:23 ] [INFO] [controller] [user_input: 16] => User entered: name = '2'
[26.10.2022 01:07:28 ] [INFO] [controller] [user_input: 16] => User entered: name = 'иван'
[26.10.2022 01:07:34 ] [INFO] [controller] [user_input: 16] => User entered: name = '2'
[26.10.2022 01:07:35 ] [INFO] [controller] [user_input: 16] => User entered: name = ''
[26.10.2022 01:07:37 ] [INFO] [controller] [user_input: 16] => User entered: name = ''
[26.10.2022 01:07:38 ] [INFO] [controller] [user_input: 16] => User entered: name = ''
[26.10.2022 01:07:42 ] [INFO] [controller] [user_input: 16] => User entered: name = '25000'
[26.10.2022 01:07:42 ] [INFO] [controller] [sucess: 47] => Sucess: Контакт id:2 обновлен!
[26.10.2022 01:07:45 ] [INFO] [controller] [user_input: 16] => User entered: name = '0'
[26.10.2022 01:07:52 ] [INFO] [controller] [user_input: 16] => User entered: name = '2'
[26.10.2022 01:07:56 ] [INFO] [controller] [user_input: 16] => User entered: name = 'иван'
[26.10.2022 19:39:23 ] [INFO] [controller] [<module>: 9] => Start
[26.10.2022 19:39:26 ] [INFO] [controller] [user_input: 16] => User entered: name = '2'
[26.10.2022 19:39:34 ] [INFO] [controller] [user_input: 16] => User entered: name = 'ива'
[26.10.2022 19:39:41 ] [INFO] [controller] [user_input: 16] => User entered: name = '4'
[26.10.2022 19:39:53 ] [INFO] [controller] [user_input: 16] => User entered: name = 'Петр'
[26.10.2022 19:39:57 ] [INFO] [controller] [user_input: 16] => User entered: name = 'Петров'
[26.10.2022 19:40:06 ] [INFO] [controller] [user_input: 16] => User entered: name = 'Офис'
[26.10.2022 19:40:12 ] [INFO] [controller] [user_input: 16] => User entered: name = '38000'
[26.10.2022 19:49:11 ] [INFO] [controller] [<module>: 9] => Start
[26.10.2022 19:49:13 ] [INFO] [controller] [user_input: 16] => User entered: name = '2'
[26.10.2022 19:49:19 ] [INFO] [controller] [user_input: 16] => User entered: name = 'иван'
[26.10.2022 19:49:33 ] [INFO] [controller] [user_input: 16] => User entered: name = '5'
[26.10.2022 19:49:50 ] [INFO] [controller] [user_input: 16] => User entered: name = 'Сергей'
[26.10.2022 19:49:57 ] [INFO] [controller] [user_input: 16] => User entered: name = 'Тарасов'
[26.10.2022 19:50:06 ] [INFO] [controller] [user_input: 16] => User entered: name = 'Закупки'
[26.10.2022 19:50:11 ] [INFO] [controller] [user_input: 16] => User entered: name = '36000'
[26.10.2022 19:52:11 ] [INFO] [controller] [<module>: 9] => Start
[26.10.2022 19:56:29 ] [INFO] [controller] [<module>: 9] => Start
[26.10.2022 19:56:31 ] [INFO] [controller] [user_input: 16] => User entered: name = '2'
[26.10.2022 19:56:37 ] [INFO] [controller] [user_input: 16] => User entered: name = 'ива'
[26.10.2022 19:56:41 ] [INFO] [controller] [user_input: 16] => User entered: name = '4'
[26.10.2022 19:56:46 ] [INFO] [controller] [user_input: 16] => User entered: name = 'Петр'
[26.10.2022 19:56:52 ] [INFO] [controller] [user_input: 16] => User entered: name = 'Петрович'
[26.10.2022 19:56:56 ] [INFO] [controller] [user_input: 16] => User entered: name = 'Офис'
[26.10.2022 19:57:01 ] [INFO] [controller] [user_input: 16] => User entered: name = '38000'
[26.10.2022 20:03:03 ] [INFO] [controller] [<module>: 9] => Start
[26.10.2022 20:03:04 ] [INFO] [controller] [user_input: 16] => User entered: name = '2'
[26.10.2022 20:03:08 ] [INFO] [controller] [user_input: 16] => User entered: name = 'ив'
[26.10.2022 20:03:11 ] [INFO] [controller] [user_input: 16] => User entered: name = '4'
[26.10.2022 20:03:14 ] [INFO] [controller] [user_input: 16] => User entered: name = 'Петр'
[26.10.2022 20:03:20 ] [INFO] [controller] [user_input: 16] => User entered: name = 'Петров'
[26.10.2022 20:03:23 ] [INFO] [controller] [user_input: 16] => User entered: name = 'Офис'
[26.10.2022 20:03:26 ] [INFO] [controller] [user_input: 16] => User entered: name = '380'
[26.10.2022 20:04:16 ] [INFO] [controller] [<module>: 9] => Start
[26.10.2022 20:04:17 ] [INFO] [controller] [user_input: 16] => User entered: name = '2'
[26.10.2022 20:04:23 ] [INFO] [controller] [user_input: 16] => User entered: name = 'ив'
[26.10.2022 20:04:27 ] [INFO] [controller] [user_input: 16] => User entered: name = '4'
[26.10.2022 20:06:56 ] [INFO] [controller] [user_input: 16] => User entered: name = 'Петр'
[26.10.2022 20:06:59 ] [INFO] [controller] [user_input: 16] => User entered: name = 'Петров'
[26.10.2022 20:07:03 ] [INFO] [controller] [user_input: 16] => User entered: name = 'Офис'
[26.10.2022 20:07:06 ] [INFO] [controller] [user_input: 16] => User entered: name = '380000'
[26.10.2022 20:19:56 ] [INFO] [controller] [<module>: 9] => Start
[26.10.2022 20:20:11 ] [INFO] [controller] [user_input: 16] => User entered: name = '2'
[26.10.2022 20:20:14 ] [INFO] [controller] [user_input: 16] => User entered: name = 'ив'
[26.10.2022 20:20:17 ] [INFO] [controller] [user_input: 16] => User entered: name = '4'
[26.10.2022 20:20:26 ] [INFO] [controller] [user_input: 16] => User entered: name = 'Петр'
[26.10.2022 20:20:29 ] [INFO] [controller] [user_input: 16] => User entered: name = 'Петрович'
[26.10.2022 20:20:33 ] [INFO] [controller] [user_input: 16] => User entered: name = 'Офис'
[26.10.2022 20:20:38 ] [INFO] [controller] [user_input: 16] => User entered: name = '38000'
[26.10.2022 20:20:38 ] [INFO] [controller] [sucess: 47] => Sucess: Сотрудник id:4 обновлен!
[26.10.2022 20:23:06 ] [INFO] [controller] [user_input: 16] => User entered: name = '0'
[26.10.2022 20:30:53 ] [INFO] [controller] [<module>: 9] => Start
[26.10.2022 20:30:58 ] [INFO] [controller] [user_input: 16] => User entered: name = '5'
[26.10.2022 20:32:16 ] [INFO] [controller] [<module>: 9] => Start
[26.10.2022 20:32:17 ] [INFO] [controller] [user_input: 16] => User entered: name = '5'
[26.10.2022 20:33:50 ] [INFO] [controller] [<module>: 9] => Start
[26.10.2022 20:33:52 ] [INFO] [controller] [user_input: 16] => User entered: name = '5'
[26.10.2022 20:39:09 ] [INFO] [controller] [<module>: 9] => Start
[26.10.2022 20:39:10 ] [INFO] [controller] [user_input: 16] => User entered: name = '5'
[26.10.2022 20:41:08 ] [INFO] [controller] [<module>: 9] => Start
[26.10.2022 20:41:09 ] [INFO] [controller] [user_input: 16] => User entered: name = '5'
[26.10.2022 20:42:05 ] [INFO] [controller] [<module>: 9] => Start
[26.10.2022 20:42:06 ] [INFO] [controller] [user_input: 16] => User entered: name = '2'
[26.10.2022 20:42:08 ] [INFO] [controller] [user_input: 16] => User entered: name = 'ив'
[26.10.2022 20:43:25 ] [INFO] [controller] [<module>: 9] => Start
[26.10.2022 20:43:26 ] [INFO] [controller] [user_input: 16] => User entered: name = '5'
[26.10.2022 20:44:25 ] [INFO] [controller] [user_input: 16] => User entered: name = '0'
[26.10.2022 20:44:27 ] [INFO] [controller] [user_input: 16] => User entered: name = '3'
[26.10.2022 20:44:31 ] [INFO] [controller] [user_input: 16] => User entered: name = 'ив'
[26.10.2022 20:46:01 ] [INFO] [controller] [<module>: 9] => Start
[26.10.2022 20:46:02 ] [INFO] [controller] [user_input: 16] => User entered: name = '3'
[26.10.2022 20:46:05 ] [INFO] [controller] [user_input: 16] => User entered: name = 'ив'
[26.10.2022 20:46:17 ] [INFO] [controller] [<module>: 9] => Start
[26.10.2022 21:17:34 ] [INFO] [controller] [<module>: 10] => Start
[26.10.2022 21:17:42 ] [INFO] [controller] [user_input: 17] => User entered: name = '1'
[26.10.2022 21:17:58 ] [INFO] [controller] [user_input: 17] => User entered: name = 'Сергей'
[26.10.2022 21:18:04 ] [INFO] [controller] [user_input: 17] => User entered: name = 'Семенович'
[26.10.2022 21:18:12 ] [INFO] [controller] [user_input: 17] => User entered: name = 'Закупка'
[26.10.2022 21:18:20 ] [INFO] [controller] [user_input: 17] => User entered: name = '40000'
[26.10.2022 21:18:20 ] [INFO] [controller] [sucess: 48] => Sucess: Сотрудник id:6 принят!
[26.10.2022 21:18:26 ] [INFO] [controller] [user_input: 17] => User entered: name = '0'
[26.10.2022 21:18:29 ] [INFO] [controller] [user_input: 17] => User entered: name = '5'
[26.10.2022 21:29:04 ] [INFO] [controller] [<module>: 10] => Start
[26.10.2022 21:29:08 ] [INFO] [controller] [user_input: 17] => User entered: name = '7'
[26.10.2022 21:29:09 ] [INFO] [controller] [user_input: 17] => User entered: name = ''
[26.10.2022 21:38:56 ] [INFO] [controller] [<module>: 10] => Start
[26.10.2022 21:39:00 ] [INFO] [controller] [user_input: 17] => User entered: name = '7'
[26.10.2022 21:39:01 ] [INFO] [controller] [user_input: 17] => User entered: name = ''
[26.10.2022 21:39:01 ] [INFO] [controller] [sucess: 48] => Sucess: Сотрудники успешно импортированы
[26.10.2022 21:39:05 ] [INFO] [controller] [user_input: 17] => User entered: name = '0'
[26.10.2022 21:39:12 ] [INFO] [controller] [user_input: 17] => User entered: name = '5'
[26.10.2022 21:39:56 ] [INFO] [controller] [user_input: 17] => User entered: name = '0'
[26.10.2022 21:39:57 ] [INFO] [controller] [user_input: 17] => User entered: name = '0'
[26.10.2022 21:40:57 ] [INFO] [controller] [<module>: 10] => Start
[26.10.2022 21:40:58 ] [INFO] [controller] [user_input: 17] => User entered: name = '0'
[26.10.2022 22:02:59 ] [INFO] [controller] [<module>: 10] => Start
